[2024-03-21 00:29:58,240: INFO: common: yaml file: config/config.yaml loaded successfully]
[2024-03-21 00:29:58,242: INFO: common: yaml file: params.yaml loaded successfully]
[2024-03-21 00:32:16,158: INFO: common: yaml file: config/config.yaml loaded successfully]
[2024-03-21 00:32:16,161: INFO: common: yaml file: params.yaml loaded successfully]
[2024-03-21 00:32:42,057: INFO: common: yaml file: config/config.yaml loaded successfully]
[2024-03-21 00:32:42,060: INFO: common: yaml file: params.yaml loaded successfully]
[2024-03-21 00:32:42,065: INFO: common: yaml file: schema.yaml loaded successfully]
[2024-03-21 00:32:42,068: INFO: common: created directory at: artifacts]
[2024-03-21 00:32:42,069: INFO: common: created directory at: artifacts/data_ingestion]
[2024-03-21 00:32:43,031: INFO: 2366278714: artifacts/data_ingestion/data.zip download! with following info: 
Connection: close
Content-Length: 23329
Cache-Control: max-age=300
Content-Security-Policy: default-src 'none'; style-src 'unsafe-inline'; sandbox
Content-Type: application/zip
ETag: "c69888a4ae59bc5a893392785a938ccd4937981c06ba8a9d6a21aa52b4ab5b6e"
Strict-Transport-Security: max-age=31536000
X-Content-Type-Options: nosniff
X-Frame-Options: deny
X-XSS-Protection: 1; mode=block
X-GitHub-Request-Id: 670E:2CE5BC:240A03:2DC7DE:65FB32CF
Accept-Ranges: bytes
Date: Wed, 20 Mar 2024 19:02:43 GMT
Via: 1.1 varnish
X-Served-By: cache-maa10245-MAA
X-Cache: MISS
X-Cache-Hits: 0
X-Timer: S1710961363.725988,VS0,VE278
Vary: Authorization,Accept-Encoding,Origin
Access-Control-Allow-Origin: *
Cross-Origin-Resource-Policy: cross-origin
X-Fastly-Request-ID: bb757629c1439a2c9345eb7e2057ffc5732bd139
Expires: Wed, 20 Mar 2024 19:07:43 GMT
Source-Age: 0

]
[2024-03-21 00:41:32,328: INFO: main: >>>>>> stage Data Ingestion stage started <<<<<<]
[2024-03-21 00:41:32,333: INFO: common: yaml file: config/config.yaml loaded successfully]
[2024-03-21 00:41:32,335: INFO: common: yaml file: params.yaml loaded successfully]
[2024-03-21 00:41:32,339: INFO: common: yaml file: schema.yaml loaded successfully]
[2024-03-21 00:41:32,339: INFO: common: created directory at: artifacts]
[2024-03-21 00:41:32,340: INFO: common: created directory at: artifacts/data_ingestion]
[2024-03-21 00:41:32,340: INFO: data_ingestion: File already exists of size: ~ 23 KB]
[2024-03-21 00:41:32,343: INFO: main: >>>>>> stage Data Ingestion stage completed <<<<<<

x==========x]
[2024-03-21 18:52:12,059: INFO: common: yaml file: config/config.yaml loaded successfully]
[2024-03-21 18:52:12,085: INFO: common: yaml file: params.yaml loaded successfully]
[2024-03-21 18:52:12,093: INFO: common: yaml file: schema.yaml loaded successfully]
[2024-03-21 18:52:12,096: INFO: common: created directory at: artifacts]
[2024-03-21 18:52:12,098: INFO: common: created directory at: artifacts/data_validation]
[2024-03-21 19:09:32,198: INFO: main: >>>>>> stage Data Ingestion stage started <<<<<<]
[2024-03-21 19:09:32,204: INFO: common: yaml file: config/config.yaml loaded successfully]
[2024-03-21 19:09:32,205: INFO: common: yaml file: params.yaml loaded successfully]
[2024-03-21 19:09:32,209: INFO: common: yaml file: schema.yaml loaded successfully]
[2024-03-21 19:09:32,210: INFO: common: created directory at: artifacts]
[2024-03-21 19:09:32,210: INFO: common: created directory at: artifacts/data_ingestion]
[2024-03-21 19:09:32,210: INFO: data_ingestion: File already exists of size: ~ 23 KB]
[2024-03-21 19:09:32,214: INFO: main: >>>>>> stage Data Ingestion stage completed <<<<<<

x==========x]
[2024-03-21 19:09:32,214: INFO: main: >>>>>> stage Data Validation stage started <<<<<<]
[2024-03-21 19:09:32,214: ERROR: main: name 'DataValidationTrainingPipeline' is not defined]
Traceback (most recent call last):
  File "/home/shourya/Desktop/Projects/Wine Quality/main.py", line 20, in <module>
    data_ingestion = DataValidationTrainingPipeline()
NameError: name 'DataValidationTrainingPipeline' is not defined
[2024-03-21 19:11:07,858: INFO: utils: NumExpr defaulting to 8 threads.]
[2024-03-21 19:11:08,144: INFO: main: >>>>>> stage Data Ingestion stage started <<<<<<]
[2024-03-21 19:11:08,150: INFO: common: yaml file: config/config.yaml loaded successfully]
[2024-03-21 19:11:08,151: INFO: common: yaml file: params.yaml loaded successfully]
[2024-03-21 19:11:08,154: INFO: common: yaml file: schema.yaml loaded successfully]
[2024-03-21 19:11:08,155: INFO: common: created directory at: artifacts]
[2024-03-21 19:11:08,155: INFO: common: created directory at: artifacts/data_ingestion]
[2024-03-21 19:11:08,155: INFO: data_ingestion: File already exists of size: ~ 23 KB]
[2024-03-21 19:11:08,158: INFO: main: >>>>>> stage Data Ingestion stage completed <<<<<<

x==========x]
[2024-03-21 19:11:08,158: INFO: main: >>>>>> stage Data Validation stage started <<<<<<]
[2024-03-21 19:11:08,164: INFO: common: yaml file: config/config.yaml loaded successfully]
[2024-03-21 19:11:08,165: INFO: common: yaml file: params.yaml loaded successfully]
[2024-03-21 19:11:08,168: INFO: common: yaml file: schema.yaml loaded successfully]
[2024-03-21 19:11:08,169: INFO: common: created directory at: artifacts]
[2024-03-21 19:11:08,169: INFO: common: created directory at: artifacts/data_validation]
[2024-03-21 19:11:08,180: INFO: main: >>>>>> stage Data Validation stage completed <<<<<<

x==========x]
[2024-03-24 00:57:01,076: INFO: utils: NumExpr defaulting to 8 threads.]
[2024-03-24 00:57:04,310: INFO: common: yaml file: config/config.yaml loaded successfully]
[2024-03-24 00:57:04,327: INFO: common: yaml file: params.yaml loaded successfully]
[2024-03-24 00:57:04,335: INFO: common: yaml file: schema.yaml loaded successfully]
[2024-03-24 00:57:04,337: INFO: common: created directory at: artifacts]
[2024-03-24 00:57:04,339: INFO: common: created directory at: artifacts/data_transformation]
[2024-03-24 00:57:04,389: INFO: 741865018: Splited data into training and test sets]
[2024-03-24 00:57:04,391: INFO: 741865018: (1199, 12)]
[2024-03-24 00:57:04,392: INFO: 741865018: (400, 12)]
[2024-03-24 01:04:47,674: INFO: utils: NumExpr defaulting to 8 threads.]
[2024-03-24 01:05:58,803: INFO: utils: NumExpr defaulting to 8 threads.]
[2024-03-24 01:05:59,723: INFO: main: >>>>>> stage Data Ingestion stage started <<<<<<]
[2024-03-24 01:05:59,728: INFO: common: yaml file: config/config.yaml loaded successfully]
[2024-03-24 01:05:59,730: INFO: common: yaml file: params.yaml loaded successfully]
[2024-03-24 01:05:59,734: INFO: common: yaml file: schema.yaml loaded successfully]
[2024-03-24 01:05:59,735: INFO: common: created directory at: artifacts]
[2024-03-24 01:05:59,735: INFO: common: created directory at: artifacts/data_ingestion]
[2024-03-24 01:05:59,735: INFO: data_ingestion: File already exists of size: ~ 23 KB]
[2024-03-24 01:05:59,758: INFO: main: >>>>>> stage Data Ingestion stage completed <<<<<<

x==========x]
[2024-03-24 01:05:59,759: INFO: main: >>>>>> stage Data Validation stage started <<<<<<]
[2024-03-24 01:05:59,768: INFO: common: yaml file: config/config.yaml loaded successfully]
[2024-03-24 01:05:59,770: INFO: common: yaml file: params.yaml loaded successfully]
[2024-03-24 01:05:59,775: INFO: common: yaml file: schema.yaml loaded successfully]
[2024-03-24 01:05:59,776: INFO: common: created directory at: artifacts]
[2024-03-24 01:05:59,776: INFO: common: created directory at: artifacts/data_validation]
[2024-03-24 01:05:59,790: INFO: main: >>>>>> stage Data Validation stage completed <<<<<<

x==========x]
[2024-03-24 01:05:59,791: INFO: main: >>>>>> stage Data Transformation stage started <<<<<<]
[2024-03-24 01:05:59,800: INFO: common: yaml file: config/config.yaml loaded successfully]
[2024-03-24 01:05:59,802: INFO: common: yaml file: params.yaml loaded successfully]
[2024-03-24 01:05:59,807: INFO: common: yaml file: schema.yaml loaded successfully]
[2024-03-24 01:05:59,808: INFO: common: created directory at: artifacts]
[2024-03-24 01:05:59,808: INFO: main: >>>>>> stage Data Transformation stage completed <<<<<<

x==========x]
[2024-03-24 01:07:53,109: INFO: utils: NumExpr defaulting to 8 threads.]
[2024-03-24 01:07:55,165: INFO: common: yaml file: config/config.yaml loaded successfully]
[2024-03-24 01:07:55,168: INFO: common: yaml file: params.yaml loaded successfully]
[2024-03-24 01:07:55,173: INFO: common: yaml file: schema.yaml loaded successfully]
[2024-03-24 01:07:55,175: INFO: common: created directory at: artifacts]
[2024-03-24 01:07:55,176: INFO: common: created directory at: artifacts/model_trainer]
[2024-03-24 01:18:52,061: INFO: utils: NumExpr defaulting to 8 threads.]
[2024-03-24 01:18:53,078: INFO: main: >>>>>> stage Data Ingestion stage started <<<<<<]
[2024-03-24 01:18:53,083: INFO: common: yaml file: config/config.yaml loaded successfully]
[2024-03-24 01:18:53,085: INFO: common: yaml file: params.yaml loaded successfully]
[2024-03-24 01:18:53,088: INFO: common: yaml file: schema.yaml loaded successfully]
[2024-03-24 01:18:53,088: INFO: common: created directory at: artifacts]
[2024-03-24 01:18:53,088: INFO: common: created directory at: artifacts/data_ingestion]
[2024-03-24 01:18:53,089: INFO: data_ingestion: File already exists of size: ~ 23 KB]
[2024-03-24 01:18:53,092: INFO: main: >>>>>> stage Data Ingestion stage completed <<<<<<

x==========x]
[2024-03-24 01:18:53,092: INFO: main: >>>>>> stage Data Validation stage started <<<<<<]
[2024-03-24 01:18:53,097: INFO: common: yaml file: config/config.yaml loaded successfully]
[2024-03-24 01:18:53,099: INFO: common: yaml file: params.yaml loaded successfully]
[2024-03-24 01:18:53,102: INFO: common: yaml file: schema.yaml loaded successfully]
[2024-03-24 01:18:53,102: INFO: common: created directory at: artifacts]
[2024-03-24 01:18:53,103: INFO: common: created directory at: artifacts/data_validation]
[2024-03-24 01:18:53,114: INFO: main: >>>>>> stage Data Validation stage completed <<<<<<

x==========x]
[2024-03-24 01:18:53,114: INFO: main: >>>>>> stage Data Transformation stage started <<<<<<]
[2024-03-24 01:18:53,114: ERROR: main: ModelTrainerTrainingPipeline.main() missing 1 required positional argument: 'self']
Traceback (most recent call last):
  File "/home/shourya/Desktop/Projects/Wine Quality/main.py", line 32, in <module>
    data_transformation.main()
TypeError: ModelTrainerTrainingPipeline.main() missing 1 required positional argument: 'self'
[2024-03-24 01:19:33,290: INFO: utils: NumExpr defaulting to 8 threads.]
[2024-03-24 01:19:34,179: INFO: main: >>>>>> stage Data Ingestion stage started <<<<<<]
[2024-03-24 01:19:34,185: INFO: common: yaml file: config/config.yaml loaded successfully]
[2024-03-24 01:19:34,186: INFO: common: yaml file: params.yaml loaded successfully]
[2024-03-24 01:19:34,190: INFO: common: yaml file: schema.yaml loaded successfully]
[2024-03-24 01:19:34,190: INFO: common: created directory at: artifacts]
[2024-03-24 01:19:34,191: INFO: common: created directory at: artifacts/data_ingestion]
[2024-03-24 01:19:34,191: INFO: data_ingestion: File already exists of size: ~ 23 KB]
[2024-03-24 01:19:34,194: INFO: main: >>>>>> stage Data Ingestion stage completed <<<<<<

x==========x]
[2024-03-24 01:19:34,194: INFO: main: >>>>>> stage Data Validation stage started <<<<<<]
[2024-03-24 01:19:34,200: INFO: common: yaml file: config/config.yaml loaded successfully]
[2024-03-24 01:19:34,201: INFO: common: yaml file: params.yaml loaded successfully]
[2024-03-24 01:19:34,205: INFO: common: yaml file: schema.yaml loaded successfully]
[2024-03-24 01:19:34,206: INFO: common: created directory at: artifacts]
[2024-03-24 01:19:34,206: INFO: common: created directory at: artifacts/data_validation]
[2024-03-24 01:19:34,216: INFO: main: >>>>>> stage Data Validation stage completed <<<<<<

x==========x]
[2024-03-24 01:19:34,216: INFO: main: >>>>>> stage Data Transformation stage started <<<<<<]
[2024-03-24 01:19:34,216: ERROR: main: ModelTrainerTrainingPipeline.main() missing 1 required positional argument: 'self']
Traceback (most recent call last):
  File "/home/shourya/Desktop/Projects/Wine Quality/main.py", line 32, in <module>
    data_transformation.main()
TypeError: ModelTrainerTrainingPipeline.main() missing 1 required positional argument: 'self'
[2024-03-24 01:20:00,040: INFO: utils: NumExpr defaulting to 8 threads.]
[2024-03-24 01:20:00,918: INFO: main: >>>>>> stage Data Ingestion stage started <<<<<<]
[2024-03-24 01:20:00,924: INFO: common: yaml file: config/config.yaml loaded successfully]
[2024-03-24 01:20:00,925: INFO: common: yaml file: params.yaml loaded successfully]
[2024-03-24 01:20:00,929: INFO: common: yaml file: schema.yaml loaded successfully]
[2024-03-24 01:20:00,929: INFO: common: created directory at: artifacts]
[2024-03-24 01:20:00,929: INFO: common: created directory at: artifacts/data_ingestion]
[2024-03-24 01:20:00,930: INFO: data_ingestion: File already exists of size: ~ 23 KB]
[2024-03-24 01:20:00,932: INFO: main: >>>>>> stage Data Ingestion stage completed <<<<<<

x==========x]
[2024-03-24 01:20:00,932: INFO: main: >>>>>> stage Data Validation stage started <<<<<<]
[2024-03-24 01:20:00,938: INFO: common: yaml file: config/config.yaml loaded successfully]
[2024-03-24 01:20:00,939: INFO: common: yaml file: params.yaml loaded successfully]
[2024-03-24 01:20:00,942: INFO: common: yaml file: schema.yaml loaded successfully]
[2024-03-24 01:20:00,943: INFO: common: created directory at: artifacts]
[2024-03-24 01:20:00,943: INFO: common: created directory at: artifacts/data_validation]
[2024-03-24 01:20:00,953: INFO: main: >>>>>> stage Data Validation stage completed <<<<<<

x==========x]
[2024-03-24 01:20:00,953: INFO: main: >>>>>> stage Data Transformation stage started <<<<<<]
[2024-03-24 01:20:00,960: INFO: common: yaml file: config/config.yaml loaded successfully]
[2024-03-24 01:20:00,961: INFO: common: yaml file: params.yaml loaded successfully]
[2024-03-24 01:20:00,964: INFO: common: yaml file: schema.yaml loaded successfully]
[2024-03-24 01:20:00,965: INFO: common: created directory at: artifacts]
[2024-03-24 01:20:00,965: INFO: common: created directory at: artifacts/model_trainer]
[2024-03-24 01:20:00,995: INFO: main: >>>>>> stage Data Transformation stage completed <<<<<<

x==========x]
[2024-03-24 01:20:00,995: INFO: main: >>>>>> stage Model Trainer stage started <<<<<<]
[2024-03-24 01:20:01,004: INFO: common: yaml file: config/config.yaml loaded successfully]
[2024-03-24 01:20:01,006: INFO: common: yaml file: params.yaml loaded successfully]
[2024-03-24 01:20:01,011: INFO: common: yaml file: schema.yaml loaded successfully]
[2024-03-24 01:20:01,012: INFO: common: created directory at: artifacts]
[2024-03-24 01:20:01,012: INFO: common: created directory at: artifacts/model_trainer]
[2024-03-24 01:20:01,038: INFO: main: >>>>>> stage Model Trainer stage completed <<<<<<

x==========x]
